<?xml version="1.0" encoding="UTF-8"?>
<testsuite xmlns:xsi="http://www.w3.org/2001/XMLSchema-instance" xsi:noNamespaceSchemaLocation="https://maven.apache.org/surefire/maven-surefire-plugin/xsd/surefire-test-report.xsd" name="sampleQueue.QueueTest" time="0.113" tests="11" errors="0" skipped="0" failures="1">
  <properties>
    <property name="sun.desktop" value="gnome"/>
    <property name="awt.toolkit" value="sun.awt.X11.XToolkit"/>
    <property name="java.specification.version" value="11"/>
    <property name="sun.cpu.isalist" value=""/>
    <property name="sun.jnu.encoding" value="UTF-8"/>
    <property name="java.class.path" value="/home/will/compsci/518/assignment5/assignment-5-junit-wdahl/target/test-classes:/home/will/compsci/518/assignment5/assignment-5-junit-wdahl/target/classes:/home/will/.m2/repository/org/junit/jupiter/junit-jupiter/5.4.2/junit-jupiter-5.4.2.jar:/home/will/.m2/repository/org/junit/jupiter/junit-jupiter-api/5.4.2/junit-jupiter-api-5.4.2.jar:/home/will/.m2/repository/org/apiguardian/apiguardian-api/1.0.0/apiguardian-api-1.0.0.jar:/home/will/.m2/repository/org/opentest4j/opentest4j/1.1.1/opentest4j-1.1.1.jar:/home/will/.m2/repository/org/junit/platform/junit-platform-commons/1.4.2/junit-platform-commons-1.4.2.jar:/home/will/.m2/repository/org/junit/jupiter/junit-jupiter-params/5.4.2/junit-jupiter-params-5.4.2.jar:/home/will/.m2/repository/org/junit/jupiter/junit-jupiter-engine/5.4.2/junit-jupiter-engine-5.4.2.jar:/home/will/.m2/repository/org/junit/platform/junit-platform-engine/1.4.2/junit-platform-engine-1.4.2.jar:"/>
    <property name="java.vm.vendor" value="Ubuntu"/>
    <property name="sun.arch.data.model" value="64"/>
    <property name="java.vendor.url" value="https://ubuntu.com/"/>
    <property name="user.timezone" value=""/>
    <property name="java.vm.specification.version" value="11"/>
    <property name="os.name" value="Linux"/>
    <property name="sun.java.launcher" value="SUN_STANDARD"/>
    <property name="user.country" value="US"/>
    <property name="sun.boot.library.path" value="/usr/lib/jvm/java-11-openjdk-amd64/lib"/>
    <property name="sun.java.command" value="/home/will/compsci/518/assignment5/assignment-5-junit-wdahl/target/surefire/surefirebooter9356479649279082296.jar /home/will/compsci/518/assignment5/assignment-5-junit-wdahl/target/surefire 2019-12-02T15-04-39_350-jvmRun1 surefire15521139107392756100tmp surefire_012604090985315399823tmp"/>
    <property name="jdk.debug" value="release"/>
    <property name="surefire.test.class.path" value="/home/will/compsci/518/assignment5/assignment-5-junit-wdahl/target/test-classes:/home/will/compsci/518/assignment5/assignment-5-junit-wdahl/target/classes:/home/will/.m2/repository/org/junit/jupiter/junit-jupiter/5.4.2/junit-jupiter-5.4.2.jar:/home/will/.m2/repository/org/junit/jupiter/junit-jupiter-api/5.4.2/junit-jupiter-api-5.4.2.jar:/home/will/.m2/repository/org/apiguardian/apiguardian-api/1.0.0/apiguardian-api-1.0.0.jar:/home/will/.m2/repository/org/opentest4j/opentest4j/1.1.1/opentest4j-1.1.1.jar:/home/will/.m2/repository/org/junit/platform/junit-platform-commons/1.4.2/junit-platform-commons-1.4.2.jar:/home/will/.m2/repository/org/junit/jupiter/junit-jupiter-params/5.4.2/junit-jupiter-params-5.4.2.jar:/home/will/.m2/repository/org/junit/jupiter/junit-jupiter-engine/5.4.2/junit-jupiter-engine-5.4.2.jar:/home/will/.m2/repository/org/junit/platform/junit-platform-engine/1.4.2/junit-platform-engine-1.4.2.jar:"/>
    <property name="sun.cpu.endian" value="little"/>
    <property name="user.home" value="/home/will"/>
    <property name="user.language" value="en"/>
    <property name="java.specification.vendor" value="Oracle Corporation"/>
    <property name="java.version.date" value="2019-07-16"/>
    <property name="java.home" value="/usr/lib/jvm/java-11-openjdk-amd64"/>
    <property name="file.separator" value="/"/>
    <property name="basedir" value="/home/will/compsci/518/assignment5/assignment-5-junit-wdahl"/>
    <property name="java.vm.compressedOopsMode" value="32-bit"/>
    <property name="line.separator" value="&#10;"/>
    <property name="java.specification.name" value="Java Platform API Specification"/>
    <property name="java.vm.specification.vendor" value="Oracle Corporation"/>
    <property name="java.awt.graphicsenv" value="sun.awt.X11GraphicsEnvironment"/>
    <property name="surefire.real.class.path" value="/home/will/compsci/518/assignment5/assignment-5-junit-wdahl/target/surefire/surefirebooter9356479649279082296.jar"/>
    <property name="sun.management.compiler" value="HotSpot 64-Bit Tiered Compilers"/>
    <property name="java.runtime.version" value="11.0.4+11-post-Ubuntu-1ubuntu218.04.3"/>
    <property name="user.name" value="will"/>
    <property name="path.separator" value=":"/>
    <property name="os.version" value="4.15.0-70-generic"/>
    <property name="java.runtime.name" value="OpenJDK Runtime Environment"/>
    <property name="file.encoding" value="UTF-8"/>
    <property name="java.vm.name" value="OpenJDK 64-Bit Server VM"/>
    <property name="localRepository" value="/home/will/.m2/repository"/>
    <property name="java.vendor.url.bug" value="https://bugs.launchpad.net/ubuntu/+source/openjdk-lts"/>
    <property name="java.io.tmpdir" value="/tmp"/>
    <property name="java.version" value="11.0.4"/>
    <property name="user.dir" value="/home/will/compsci/518/assignment5/assignment-5-junit-wdahl"/>
    <property name="os.arch" value="amd64"/>
    <property name="java.vm.specification.name" value="Java Virtual Machine Specification"/>
    <property name="java.awt.printerjob" value="sun.print.PSPrinterJob"/>
    <property name="sun.os.patch.level" value="unknown"/>
    <property name="java.library.path" value="/usr/java/packages/lib:/usr/lib/x86_64-linux-gnu/jni:/lib/x86_64-linux-gnu:/usr/lib/x86_64-linux-gnu:/usr/lib/jni:/lib:/usr/lib"/>
    <property name="java.vendor" value="Ubuntu"/>
    <property name="java.vm.info" value="mixed mode, sharing"/>
    <property name="java.vm.version" value="11.0.4+11-post-Ubuntu-1ubuntu218.04.3"/>
    <property name="sun.io.unicode.encoding" value="UnicodeLittle"/>
    <property name="java.class.version" value="55.0"/>
  </properties>
  <testcase name="isEmptyShouldGiveFalseWhenQueueIsNotEmpty" classname="sampleQueue.QueueTest" time="0.008"/>
  <testcase name="isEmptyShouldGiveTrueOnQueueInit" classname="sampleQueue.QueueTest" time="0"/>
  <testcase name="enqueueShouldThrowExecptionOnFull" classname="sampleQueue.QueueTest" time="0.003"/>
  <testcase name="isInstantiatedWithNew" classname="sampleQueue.QueueTest" time="0"/>
  <testcase name="isEmptyShoutlReturnTrueAfterAllElementsAreRemoved" classname="sampleQueue.QueueTest" time="0"/>
  <testcase name="throwsExceptionWhenPeeked" classname="sampleQueue.QueueTest$WhenNew" time="0.005"/>
  <testcase name="throwsExceptionWhenDequeued" classname="sampleQueue.QueueTest$WhenNew" time="0.025">
    <failure message="Unexpected exception type thrown ==&gt; expected: &lt;java.util.NoSuchElementException&gt; but was: &lt;java.lang.NullPointerException&gt;" type="org.opentest4j.AssertionFailedError"><![CDATA[org.opentest4j.AssertionFailedError: Unexpected exception type thrown ==> expected: <java.util.NoSuchElementException> but was: <java.lang.NullPointerException>
	at sampleQueue.QueueTest$WhenNew.throwsExceptionWhenDequeued(QueueTest.java:90)
Caused by: java.lang.NullPointerException
	at sampleQueue.QueueTest$WhenNew.lambda$0(QueueTest.java:90)
	at sampleQueue.QueueTest$WhenNew.throwsExceptionWhenDequeued(QueueTest.java:90)
]]></failure>
  </testcase>
  <testcase name="isEmpty" classname="sampleQueue.QueueTest$WhenNew" time="0.001"/>
  <testcase name="returnElementWhenPeeked" classname="sampleQueue.QueueTest$WhenNew$AfterPushing" time="0.004"/>
  <testcase name="returnElementWhenPopped" classname="sampleQueue.QueueTest$WhenNew$AfterPushing" time="0.001"/>
  <testcase name="isNotEmpty" classname="sampleQueue.QueueTest$WhenNew$AfterPushing" time="0.001"/>
</testsuite>